cl : command line  warning D9035: option 'Gm' has been deprecated and will be removed in a future release
  main.cpp
C:\Users\Ger Teck\OneDrive - National University of Singapore\Year 2 Sem 1 Y2S1\04 CS3241 Computer Graphics\Lab 2\Lab2_todo_(win-vs2017)\main.cpp(55,33): warning C4305: 'initializing': truncation from 'double' to 'const GLfloat'
C:\Users\Ger Teck\OneDrive - National University of Singapore\Year 2 Sem 1 Y2S1\04 CS3241 Computer Graphics\Lab 2\Lab2_todo_(win-vs2017)\main.cpp(55,38): warning C4305: 'initializing': truncation from 'double' to 'const GLfloat'
C:\Users\Ger Teck\OneDrive - National University of Singapore\Year 2 Sem 1 Y2S1\04 CS3241 Computer Graphics\Lab 2\Lab2_todo_(win-vs2017)\main.cpp(55,43): warning C4305: 'initializing': truncation from 'double' to 'const GLfloat'
C:\Users\Ger Teck\OneDrive - National University of Singapore\Year 2 Sem 1 Y2S1\04 CS3241 Computer Graphics\Lab 2\Lab2_todo_(win-vs2017)\main.cpp(58,31): warning C4305: 'initializing': truncation from 'double' to 'const GLfloat'
C:\Users\Ger Teck\OneDrive - National University of Singapore\Year 2 Sem 1 Y2S1\04 CS3241 Computer Graphics\Lab 2\Lab2_todo_(win-vs2017)\main.cpp(58,36): warning C4305: 'initializing': truncation from 'double' to 'const GLfloat'
C:\Users\Ger Teck\OneDrive - National University of Singapore\Year 2 Sem 1 Y2S1\04 CS3241 Computer Graphics\Lab 2\Lab2_todo_(win-vs2017)\main.cpp(58,41): warning C4305: 'initializing': truncation from 'double' to 'const GLfloat'
C:\Users\Ger Teck\OneDrive - National University of Singapore\Year 2 Sem 1 Y2S1\04 CS3241 Computer Graphics\Lab 2\Lab2_todo_(win-vs2017)\main.cpp(66,35): warning C4305: 'initializing': truncation from 'double' to 'const GLfloat'
C:\Users\Ger Teck\OneDrive - National University of Singapore\Year 2 Sem 1 Y2S1\04 CS3241 Computer Graphics\Lab 2\Lab2_todo_(win-vs2017)\main.cpp(66,40): warning C4305: 'initializing': truncation from 'double' to 'const GLfloat'
C:\Users\Ger Teck\OneDrive - National University of Singapore\Year 2 Sem 1 Y2S1\04 CS3241 Computer Graphics\Lab 2\Lab2_todo_(win-vs2017)\main.cpp(66,45): warning C4305: 'initializing': truncation from 'double' to 'const GLfloat'
C:\Users\Ger Teck\OneDrive - National University of Singapore\Year 2 Sem 1 Y2S1\04 CS3241 Computer Graphics\Lab 2\Lab2_todo_(win-vs2017)\main.cpp(67,35): warning C4305: 'initializing': truncation from 'double' to 'const GLfloat'
C:\Users\Ger Teck\OneDrive - National University of Singapore\Year 2 Sem 1 Y2S1\04 CS3241 Computer Graphics\Lab 2\Lab2_todo_(win-vs2017)\main.cpp(67,40): warning C4305: 'initializing': truncation from 'double' to 'const GLfloat'
C:\Users\Ger Teck\OneDrive - National University of Singapore\Year 2 Sem 1 Y2S1\04 CS3241 Computer Graphics\Lab 2\Lab2_todo_(win-vs2017)\main.cpp(67,45): warning C4305: 'initializing': truncation from 'double' to 'const GLfloat'
C:\Users\Ger Teck\OneDrive - National University of Singapore\Year 2 Sem 1 Y2S1\04 CS3241 Computer Graphics\Lab 2\Lab2_todo_(win-vs2017)\main.cpp(68,36): warning C4305: 'initializing': truncation from 'double' to 'const GLfloat'
C:\Users\Ger Teck\OneDrive - National University of Singapore\Year 2 Sem 1 Y2S1\04 CS3241 Computer Graphics\Lab 2\Lab2_todo_(win-vs2017)\main.cpp(68,41): warning C4305: 'initializing': truncation from 'double' to 'const GLfloat'
C:\Users\Ger Teck\OneDrive - National University of Singapore\Year 2 Sem 1 Y2S1\04 CS3241 Computer Graphics\Lab 2\Lab2_todo_(win-vs2017)\main.cpp(68,46): warning C4305: 'initializing': truncation from 'double' to 'const GLfloat'
C:\Users\Ger Teck\OneDrive - National University of Singapore\Year 2 Sem 1 Y2S1\04 CS3241 Computer Graphics\Lab 2\Lab2_todo_(win-vs2017)\main.cpp(72,35): warning C4305: 'initializing': truncation from 'double' to 'const GLfloat'
C:\Users\Ger Teck\OneDrive - National University of Singapore\Year 2 Sem 1 Y2S1\04 CS3241 Computer Graphics\Lab 2\Lab2_todo_(win-vs2017)\main.cpp(72,40): warning C4305: 'initializing': truncation from 'double' to 'const GLfloat'
C:\Users\Ger Teck\OneDrive - National University of Singapore\Year 2 Sem 1 Y2S1\04 CS3241 Computer Graphics\Lab 2\Lab2_todo_(win-vs2017)\main.cpp(72,45): warning C4305: 'initializing': truncation from 'double' to 'const GLfloat'
C:\Users\Ger Teck\OneDrive - National University of Singapore\Year 2 Sem 1 Y2S1\04 CS3241 Computer Graphics\Lab 2\Lab2_todo_(win-vs2017)\main.cpp(73,35): warning C4305: 'initializing': truncation from 'double' to 'const GLfloat'
C:\Users\Ger Teck\OneDrive - National University of Singapore\Year 2 Sem 1 Y2S1\04 CS3241 Computer Graphics\Lab 2\Lab2_todo_(win-vs2017)\main.cpp(73,40): warning C4305: 'initializing': truncation from 'double' to 'const GLfloat'
C:\Users\Ger Teck\OneDrive - National University of Singapore\Year 2 Sem 1 Y2S1\04 CS3241 Computer Graphics\Lab 2\Lab2_todo_(win-vs2017)\main.cpp(73,45): warning C4305: 'initializing': truncation from 'double' to 'const GLfloat'
C:\Users\Ger Teck\OneDrive - National University of Singapore\Year 2 Sem 1 Y2S1\04 CS3241 Computer Graphics\Lab 2\Lab2_todo_(win-vs2017)\main.cpp(74,36): warning C4305: 'initializing': truncation from 'double' to 'const GLfloat'
C:\Users\Ger Teck\OneDrive - National University of Singapore\Year 2 Sem 1 Y2S1\04 CS3241 Computer Graphics\Lab 2\Lab2_todo_(win-vs2017)\main.cpp(74,41): warning C4305: 'initializing': truncation from 'double' to 'const GLfloat'
C:\Users\Ger Teck\OneDrive - National University of Singapore\Year 2 Sem 1 Y2S1\04 CS3241 Computer Graphics\Lab 2\Lab2_todo_(win-vs2017)\main.cpp(74,46): warning C4305: 'initializing': truncation from 'double' to 'const GLfloat'
C:\Users\Ger Teck\OneDrive - National University of Singapore\Year 2 Sem 1 Y2S1\04 CS3241 Computer Graphics\Lab 2\Lab2_todo_(win-vs2017)\main.cpp(129,21): warning C4305: 'initializing': truncation from 'double' to 'float'
C:\Users\Ger Teck\OneDrive - National University of Singapore\Year 2 Sem 1 Y2S1\04 CS3241 Computer Graphics\Lab 2\Lab2_todo_(win-vs2017)\main.cpp(146,33): warning C4244: 'argument': conversion from 'double' to 'GLfloat', possible loss of data
C:\Users\Ger Teck\OneDrive - National University of Singapore\Year 2 Sem 1 Y2S1\04 CS3241 Computer Graphics\Lab 2\Lab2_todo_(win-vs2017)\main.cpp(155,33): warning C4244: 'argument': conversion from 'double' to 'GLfloat', possible loss of data
C:\Users\Ger Teck\OneDrive - National University of Singapore\Year 2 Sem 1 Y2S1\04 CS3241 Computer Graphics\Lab 2\Lab2_todo_(win-vs2017)\main.cpp(164,32): warning C4244: 'argument': conversion from 'double' to 'GLfloat', possible loss of data
C:\Users\Ger Teck\OneDrive - National University of Singapore\Year 2 Sem 1 Y2S1\04 CS3241 Computer Graphics\Lab 2\Lab2_todo_(win-vs2017)\main.cpp(173,32): warning C4244: 'argument': conversion from 'double' to 'GLfloat', possible loss of data
C:\Users\Ger Teck\OneDrive - National University of Singapore\Year 2 Sem 1 Y2S1\04 CS3241 Computer Graphics\Lab 2\Lab2_todo_(win-vs2017)\main.cpp(202,32): warning C4244: 'initializing': conversion from 'double' to 'float', possible loss of data
C:\Users\Ger Teck\OneDrive - National University of Singapore\Year 2 Sem 1 Y2S1\04 CS3241 Computer Graphics\Lab 2\Lab2_todo_(win-vs2017)\main.cpp(206,68): warning C4244: 'argument': conversion from 'double' to 'GLfloat', possible loss of data
C:\Users\Ger Teck\OneDrive - National University of Singapore\Year 2 Sem 1 Y2S1\04 CS3241 Computer Graphics\Lab 2\Lab2_todo_(win-vs2017)\main.cpp(206,47): warning C4244: 'argument': conversion from 'double' to 'GLfloat', possible loss of data
C:\Users\Ger Teck\OneDrive - National University of Singapore\Year 2 Sem 1 Y2S1\04 CS3241 Computer Graphics\Lab 2\Lab2_todo_(win-vs2017)\main.cpp(206,23): warning C4244: 'argument': conversion from 'double' to 'GLfloat', possible loss of data
C:\Users\Ger Teck\OneDrive - National University of Singapore\Year 2 Sem 1 Y2S1\04 CS3241 Computer Graphics\Lab 2\Lab2_todo_(win-vs2017)\main.cpp(210,27): warning C4244: 'argument': conversion from 'double' to 'GLfloat', possible loss of data
C:\Users\Ger Teck\OneDrive - National University of Singapore\Year 2 Sem 1 Y2S1\04 CS3241 Computer Graphics\Lab 2\Lab2_todo_(win-vs2017)\main.cpp(209,37): warning C4244: 'argument': conversion from 'double' to 'GLfloat', possible loss of data
C:\Users\Ger Teck\OneDrive - National University of Singapore\Year 2 Sem 1 Y2S1\04 CS3241 Computer Graphics\Lab 2\Lab2_todo_(win-vs2017)\main.cpp(213,23): warning C4244: 'argument': conversion from 'double' to 'GLfloat', possible loss of data
C:\Users\Ger Teck\OneDrive - National University of Singapore\Year 2 Sem 1 Y2S1\04 CS3241 Computer Graphics\Lab 2\Lab2_todo_(win-vs2017)\main.cpp(539,33): warning C4305: 'initializing': truncation from 'double' to 'GLfloat'
C:\Users\Ger Teck\OneDrive - National University of Singapore\Year 2 Sem 1 Y2S1\04 CS3241 Computer Graphics\Lab 2\Lab2_todo_(win-vs2017)\main.cpp(539,38): warning C4305: 'initializing': truncation from 'double' to 'GLfloat'
C:\Users\Ger Teck\OneDrive - National University of Singapore\Year 2 Sem 1 Y2S1\04 CS3241 Computer Graphics\Lab 2\Lab2_todo_(win-vs2017)\main.cpp(539,43): warning C4305: 'initializing': truncation from 'double' to 'GLfloat'
  main.vcxproj -> C:\Users\Ger Teck\OneDrive - National University of Singapore\Year 2 Sem 1 Y2S1\04 CS3241 Computer Graphics\Lab 2\Lab2_todo_(win-vs2017)\Debug\main.exe
