cl : command line  warning D9035: option 'Gm' has been deprecated and will be removed in a future release
  main.cpp
C:\Users\chang\OneDrive - National University of Singapore\Year 2 Sem 1 Y2S1\04 CS3241 Computer Graphics\Lab 3\main.cpp(65,35): warning C4305: 'initializing': truncation from 'double' to 'const GLfloat'
C:\Users\chang\OneDrive - National University of Singapore\Year 2 Sem 1 Y2S1\04 CS3241 Computer Graphics\Lab 3\main.cpp(65,40): warning C4305: 'initializing': truncation from 'double' to 'const GLfloat'
C:\Users\chang\OneDrive - National University of Singapore\Year 2 Sem 1 Y2S1\04 CS3241 Computer Graphics\Lab 3\main.cpp(65,45): warning C4305: 'initializing': truncation from 'double' to 'const GLfloat'
C:\Users\chang\OneDrive - National University of Singapore\Year 2 Sem 1 Y2S1\04 CS3241 Computer Graphics\Lab 3\main.cpp(71,35): warning C4305: 'initializing': truncation from 'double' to 'const GLfloat'
C:\Users\chang\OneDrive - National University of Singapore\Year 2 Sem 1 Y2S1\04 CS3241 Computer Graphics\Lab 3\main.cpp(71,40): warning C4305: 'initializing': truncation from 'double' to 'const GLfloat'
C:\Users\chang\OneDrive - National University of Singapore\Year 2 Sem 1 Y2S1\04 CS3241 Computer Graphics\Lab 3\main.cpp(71,45): warning C4305: 'initializing': truncation from 'double' to 'const GLfloat'
C:\Users\chang\OneDrive - National University of Singapore\Year 2 Sem 1 Y2S1\04 CS3241 Computer Graphics\Lab 3\main.cpp(429,33): warning C4305: 'initializing': truncation from 'double' to 'GLfloat'
C:\Users\chang\OneDrive - National University of Singapore\Year 2 Sem 1 Y2S1\04 CS3241 Computer Graphics\Lab 3\main.cpp(429,38): warning C4305: 'initializing': truncation from 'double' to 'GLfloat'
C:\Users\chang\OneDrive - National University of Singapore\Year 2 Sem 1 Y2S1\04 CS3241 Computer Graphics\Lab 3\main.cpp(429,43): warning C4305: 'initializing': truncation from 'double' to 'GLfloat'
C:\Users\chang\OneDrive - National University of Singapore\Year 2 Sem 1 Y2S1\04 CS3241 Computer Graphics\Lab 3\main.cpp(866,31): warning C4305: 'initializing': truncation from 'double' to 'GLfloat'
C:\Users\chang\OneDrive - National University of Singapore\Year 2 Sem 1 Y2S1\04 CS3241 Computer Graphics\Lab 3\main.cpp(866,36): warning C4305: 'initializing': truncation from 'double' to 'GLfloat'
C:\Users\chang\OneDrive - National University of Singapore\Year 2 Sem 1 Y2S1\04 CS3241 Computer Graphics\Lab 3\main.cpp(866,41): warning C4305: 'initializing': truncation from 'double' to 'GLfloat'
C:\Users\chang\OneDrive - National University of Singapore\Year 2 Sem 1 Y2S1\04 CS3241 Computer Graphics\Lab 3\main.cpp(867,31): warning C4305: 'initializing': truncation from 'double' to 'GLfloat'
C:\Users\chang\OneDrive - National University of Singapore\Year 2 Sem 1 Y2S1\04 CS3241 Computer Graphics\Lab 3\main.cpp(867,36): warning C4305: 'initializing': truncation from 'double' to 'GLfloat'
C:\Users\chang\OneDrive - National University of Singapore\Year 2 Sem 1 Y2S1\04 CS3241 Computer Graphics\Lab 3\main.cpp(867,41): warning C4305: 'initializing': truncation from 'double' to 'GLfloat'
C:\Users\chang\OneDrive - National University of Singapore\Year 2 Sem 1 Y2S1\04 CS3241 Computer Graphics\Lab 3\main.cpp(868,32): warning C4305: 'initializing': truncation from 'double' to 'GLfloat'
C:\Users\chang\OneDrive - National University of Singapore\Year 2 Sem 1 Y2S1\04 CS3241 Computer Graphics\Lab 3\main.cpp(868,37): warning C4305: 'initializing': truncation from 'double' to 'GLfloat'
C:\Users\chang\OneDrive - National University of Singapore\Year 2 Sem 1 Y2S1\04 CS3241 Computer Graphics\Lab 3\main.cpp(868,42): warning C4305: 'initializing': truncation from 'double' to 'GLfloat'
C:\Users\chang\OneDrive - National University of Singapore\Year 2 Sem 1 Y2S1\04 CS3241 Computer Graphics\Lab 3\main.cpp(915,32): warning C4305: 'initializing': truncation from 'double' to 'GLfloat'
C:\Users\chang\OneDrive - National University of Singapore\Year 2 Sem 1 Y2S1\04 CS3241 Computer Graphics\Lab 3\main.cpp(915,37): warning C4305: 'initializing': truncation from 'double' to 'GLfloat'
C:\Users\chang\OneDrive - National University of Singapore\Year 2 Sem 1 Y2S1\04 CS3241 Computer Graphics\Lab 3\main.cpp(915,42): warning C4305: 'initializing': truncation from 'double' to 'GLfloat'
C:\Users\chang\OneDrive - National University of Singapore\Year 2 Sem 1 Y2S1\04 CS3241 Computer Graphics\Lab 3\main.cpp(958,10): warning C4838: conversion from 'double' to 'GLfloat' requires a narrowing conversion
C:\Users\chang\OneDrive - National University of Singapore\Year 2 Sem 1 Y2S1\04 CS3241 Computer Graphics\Lab 3\main.cpp(958,10): warning C4244: 'initializing': conversion from 'double' to 'GLfloat', possible loss of data
C:\Users\chang\OneDrive - National University of Singapore\Year 2 Sem 1 Y2S1\04 CS3241 Computer Graphics\Lab 3\main.cpp(958,19): warning C4838: conversion from 'double' to 'GLfloat' requires a narrowing conversion
C:\Users\chang\OneDrive - National University of Singapore\Year 2 Sem 1 Y2S1\04 CS3241 Computer Graphics\Lab 3\main.cpp(958,19): warning C4244: 'initializing': conversion from 'double' to 'GLfloat', possible loss of data
C:\Users\chang\OneDrive - National University of Singapore\Year 2 Sem 1 Y2S1\04 CS3241 Computer Graphics\Lab 3\main.cpp(958,28): warning C4838: conversion from 'double' to 'GLfloat' requires a narrowing conversion
C:\Users\chang\OneDrive - National University of Singapore\Year 2 Sem 1 Y2S1\04 CS3241 Computer Graphics\Lab 3\main.cpp(958,28): warning C4244: 'initializing': conversion from 'double' to 'GLfloat', possible loss of data
C:\Users\chang\OneDrive - National University of Singapore\Year 2 Sem 1 Y2S1\04 CS3241 Computer Graphics\Lab 3\main.cpp(959,11): warning C4838: conversion from 'double' to 'GLfloat' requires a narrowing conversion
C:\Users\chang\OneDrive - National University of Singapore\Year 2 Sem 1 Y2S1\04 CS3241 Computer Graphics\Lab 3\main.cpp(959,11): warning C4244: 'initializing': conversion from 'double' to 'GLfloat', possible loss of data
C:\Users\chang\OneDrive - National University of Singapore\Year 2 Sem 1 Y2S1\04 CS3241 Computer Graphics\Lab 3\main.cpp(959,19): warning C4838: conversion from 'double' to 'GLfloat' requires a narrowing conversion
C:\Users\chang\OneDrive - National University of Singapore\Year 2 Sem 1 Y2S1\04 CS3241 Computer Graphics\Lab 3\main.cpp(959,19): warning C4244: 'initializing': conversion from 'double' to 'GLfloat', possible loss of data
C:\Users\chang\OneDrive - National University of Singapore\Year 2 Sem 1 Y2S1\04 CS3241 Computer Graphics\Lab 3\main.cpp(959,28): warning C4838: conversion from 'double' to 'GLfloat' requires a narrowing conversion
C:\Users\chang\OneDrive - National University of Singapore\Year 2 Sem 1 Y2S1\04 CS3241 Computer Graphics\Lab 3\main.cpp(959,28): warning C4244: 'initializing': conversion from 'double' to 'GLfloat', possible loss of data
C:\Users\chang\OneDrive - National University of Singapore\Year 2 Sem 1 Y2S1\04 CS3241 Computer Graphics\Lab 3\main.cpp(960,11): warning C4838: conversion from 'double' to 'GLfloat' requires a narrowing conversion
C:\Users\chang\OneDrive - National University of Singapore\Year 2 Sem 1 Y2S1\04 CS3241 Computer Graphics\Lab 3\main.cpp(960,11): warning C4244: 'initializing': conversion from 'double' to 'GLfloat', possible loss of data
C:\Users\chang\OneDrive - National University of Singapore\Year 2 Sem 1 Y2S1\04 CS3241 Computer Graphics\Lab 3\main.cpp(960,20): warning C4838: conversion from 'double' to 'GLfloat' requires a narrowing conversion
C:\Users\chang\OneDrive - National University of Singapore\Year 2 Sem 1 Y2S1\04 CS3241 Computer Graphics\Lab 3\main.cpp(960,20): warning C4244: 'initializing': conversion from 'double' to 'GLfloat', possible loss of data
C:\Users\chang\OneDrive - National University of Singapore\Year 2 Sem 1 Y2S1\04 CS3241 Computer Graphics\Lab 3\main.cpp(960,28): warning C4838: conversion from 'double' to 'GLfloat' requires a narrowing conversion
C:\Users\chang\OneDrive - National University of Singapore\Year 2 Sem 1 Y2S1\04 CS3241 Computer Graphics\Lab 3\main.cpp(960,28): warning C4244: 'initializing': conversion from 'double' to 'GLfloat', possible loss of data
C:\Users\chang\OneDrive - National University of Singapore\Year 2 Sem 1 Y2S1\04 CS3241 Computer Graphics\Lab 3\main.cpp(961,10): warning C4838: conversion from 'double' to 'GLfloat' requires a narrowing conversion
C:\Users\chang\OneDrive - National University of Singapore\Year 2 Sem 1 Y2S1\04 CS3241 Computer Graphics\Lab 3\main.cpp(961,10): warning C4244: 'initializing': conversion from 'double' to 'GLfloat', possible loss of data
C:\Users\chang\OneDrive - National University of Singapore\Year 2 Sem 1 Y2S1\04 CS3241 Computer Graphics\Lab 3\main.cpp(961,20): warning C4838: conversion from 'double' to 'GLfloat' requires a narrowing conversion
C:\Users\chang\OneDrive - National University of Singapore\Year 2 Sem 1 Y2S1\04 CS3241 Computer Graphics\Lab 3\main.cpp(961,20): warning C4244: 'initializing': conversion from 'double' to 'GLfloat', possible loss of data
C:\Users\chang\OneDrive - National University of Singapore\Year 2 Sem 1 Y2S1\04 CS3241 Computer Graphics\Lab 3\main.cpp(961,28): warning C4838: conversion from 'double' to 'GLfloat' requires a narrowing conversion
C:\Users\chang\OneDrive - National University of Singapore\Year 2 Sem 1 Y2S1\04 CS3241 Computer Graphics\Lab 3\main.cpp(961,28): warning C4244: 'initializing': conversion from 'double' to 'GLfloat', possible loss of data
C:\Users\chang\OneDrive - National University of Singapore\Year 2 Sem 1 Y2S1\04 CS3241 Computer Graphics\Lab 3\main.cpp(962,10): warning C4838: conversion from 'double' to 'GLfloat' requires a narrowing conversion
C:\Users\chang\OneDrive - National University of Singapore\Year 2 Sem 1 Y2S1\04 CS3241 Computer Graphics\Lab 3\main.cpp(962,10): warning C4244: 'initializing': conversion from 'double' to 'GLfloat', possible loss of data
C:\Users\chang\OneDrive - National University of Singapore\Year 2 Sem 1 Y2S1\04 CS3241 Computer Graphics\Lab 3\main.cpp(962,19): warning C4838: conversion from 'double' to 'GLfloat' requires a narrowing conversion
C:\Users\chang\OneDrive - National University of Singapore\Year 2 Sem 1 Y2S1\04 CS3241 Computer Graphics\Lab 3\main.cpp(962,19): warning C4244: 'initializing': conversion from 'double' to 'GLfloat', possible loss of data
C:\Users\chang\OneDrive - National University of Singapore\Year 2 Sem 1 Y2S1\04 CS3241 Computer Graphics\Lab 3\main.cpp(962,29): warning C4838: conversion from 'double' to 'GLfloat' requires a narrowing conversion
C:\Users\chang\OneDrive - National University of Singapore\Year 2 Sem 1 Y2S1\04 CS3241 Computer Graphics\Lab 3\main.cpp(962,29): warning C4244: 'initializing': conversion from 'double' to 'GLfloat', possible loss of data
C:\Users\chang\OneDrive - National University of Singapore\Year 2 Sem 1 Y2S1\04 CS3241 Computer Graphics\Lab 3\main.cpp(963,11): warning C4838: conversion from 'double' to 'GLfloat' requires a narrowing conversion
C:\Users\chang\OneDrive - National University of Singapore\Year 2 Sem 1 Y2S1\04 CS3241 Computer Graphics\Lab 3\main.cpp(963,11): warning C4244: 'initializing': conversion from 'double' to 'GLfloat', possible loss of data
C:\Users\chang\OneDrive - National University of Singapore\Year 2 Sem 1 Y2S1\04 CS3241 Computer Graphics\Lab 3\main.cpp(963,19): warning C4838: conversion from 'double' to 'GLfloat' requires a narrowing conversion
C:\Users\chang\OneDrive - National University of Singapore\Year 2 Sem 1 Y2S1\04 CS3241 Computer Graphics\Lab 3\main.cpp(963,19): warning C4244: 'initializing': conversion from 'double' to 'GLfloat', possible loss of data
C:\Users\chang\OneDrive - National University of Singapore\Year 2 Sem 1 Y2S1\04 CS3241 Computer Graphics\Lab 3\main.cpp(963,29): warning C4838: conversion from 'double' to 'GLfloat' requires a narrowing conversion
C:\Users\chang\OneDrive - National University of Singapore\Year 2 Sem 1 Y2S1\04 CS3241 Computer Graphics\Lab 3\main.cpp(963,29): warning C4244: 'initializing': conversion from 'double' to 'GLfloat', possible loss of data
C:\Users\chang\OneDrive - National University of Singapore\Year 2 Sem 1 Y2S1\04 CS3241 Computer Graphics\Lab 3\main.cpp(964,11): warning C4838: conversion from 'double' to 'GLfloat' requires a narrowing conversion
C:\Users\chang\OneDrive - National University of Singapore\Year 2 Sem 1 Y2S1\04 CS3241 Computer Graphics\Lab 3\main.cpp(964,11): warning C4244: 'initializing': conversion from 'double' to 'GLfloat', possible loss of data
C:\Users\chang\OneDrive - National University of Singapore\Year 2 Sem 1 Y2S1\04 CS3241 Computer Graphics\Lab 3\main.cpp(964,20): warning C4838: conversion from 'double' to 'GLfloat' requires a narrowing conversion
C:\Users\chang\OneDrive - National University of Singapore\Year 2 Sem 1 Y2S1\04 CS3241 Computer Graphics\Lab 3\main.cpp(964,20): warning C4244: 'initializing': conversion from 'double' to 'GLfloat', possible loss of data
C:\Users\chang\OneDrive - National University of Singapore\Year 2 Sem 1 Y2S1\04 CS3241 Computer Graphics\Lab 3\main.cpp(964,29): warning C4838: conversion from 'double' to 'GLfloat' requires a narrowing conversion
C:\Users\chang\OneDrive - National University of Singapore\Year 2 Sem 1 Y2S1\04 CS3241 Computer Graphics\Lab 3\main.cpp(964,29): warning C4244: 'initializing': conversion from 'double' to 'GLfloat', possible loss of data
C:\Users\chang\OneDrive - National University of Singapore\Year 2 Sem 1 Y2S1\04 CS3241 Computer Graphics\Lab 3\main.cpp(965,10): warning C4838: conversion from 'double' to 'GLfloat' requires a narrowing conversion
C:\Users\chang\OneDrive - National University of Singapore\Year 2 Sem 1 Y2S1\04 CS3241 Computer Graphics\Lab 3\main.cpp(965,10): warning C4244: 'initializing': conversion from 'double' to 'GLfloat', possible loss of data
C:\Users\chang\OneDrive - National University of Singapore\Year 2 Sem 1 Y2S1\04 CS3241 Computer Graphics\Lab 3\main.cpp(965,20): warning C4838: conversion from 'double' to 'GLfloat' requires a narrowing conversion
C:\Users\chang\OneDrive - National University of Singapore\Year 2 Sem 1 Y2S1\04 CS3241 Computer Graphics\Lab 3\main.cpp(965,20): warning C4244: 'initializing': conversion from 'double' to 'GLfloat', possible loss of data
C:\Users\chang\OneDrive - National University of Singapore\Year 2 Sem 1 Y2S1\04 CS3241 Computer Graphics\Lab 3\main.cpp(965,29): warning C4838: conversion from 'double' to 'GLfloat' requires a narrowing conversion
C:\Users\chang\OneDrive - National University of Singapore\Year 2 Sem 1 Y2S1\04 CS3241 Computer Graphics\Lab 3\main.cpp(965,29): warning C4244: 'initializing': conversion from 'double' to 'GLfloat', possible loss of data
C:\Users\chang\OneDrive - National University of Singapore\Year 2 Sem 1 Y2S1\04 CS3241 Computer Graphics\Lab 3\main.cpp(1018,25): warning C4305: 'initializing': truncation from 'double' to 'GLfloat'
C:\Users\chang\OneDrive - National University of Singapore\Year 2 Sem 1 Y2S1\04 CS3241 Computer Graphics\Lab 3\main.cpp(1021,30): warning C4305: 'initializing': truncation from 'double' to 'GLfloat'
C:\Users\chang\OneDrive - National University of Singapore\Year 2 Sem 1 Y2S1\04 CS3241 Computer Graphics\Lab 3\main.cpp(1021,40): warning C4305: 'initializing': truncation from 'double' to 'GLfloat'
C:\Users\chang\OneDrive - National University of Singapore\Year 2 Sem 1 Y2S1\04 CS3241 Computer Graphics\Lab 3\main.cpp(1022,30): warning C4305: 'initializing': truncation from 'double' to 'GLfloat'
C:\Users\chang\OneDrive - National University of Singapore\Year 2 Sem 1 Y2S1\04 CS3241 Computer Graphics\Lab 3\main.cpp(1022,40): warning C4305: 'initializing': truncation from 'double' to 'GLfloat'
C:\Users\chang\OneDrive - National University of Singapore\Year 2 Sem 1 Y2S1\04 CS3241 Computer Graphics\Lab 3\main.cpp(1084,31): warning C4305: 'initializing': truncation from 'double' to 'GLfloat'
C:\Users\chang\OneDrive - National University of Singapore\Year 2 Sem 1 Y2S1\04 CS3241 Computer Graphics\Lab 3\main.cpp(1084,36): warning C4305: 'initializing': truncation from 'double' to 'GLfloat'
C:\Users\chang\OneDrive - National University of Singapore\Year 2 Sem 1 Y2S1\04 CS3241 Computer Graphics\Lab 3\main.cpp(1084,41): warning C4305: 'initializing': truncation from 'double' to 'GLfloat'
C:\Users\chang\OneDrive - National University of Singapore\Year 2 Sem 1 Y2S1\04 CS3241 Computer Graphics\Lab 3\main.cpp(1093,33): warning C4244: 'argument': conversion from 'double' to 'GLfloat', possible loss of data
C:\Users\chang\OneDrive - National University of Singapore\Year 2 Sem 1 Y2S1\04 CS3241 Computer Graphics\Lab 3\main.cpp(1101,33): warning C4244: 'argument': conversion from 'double' to 'GLfloat', possible loss of data
C:\Users\chang\OneDrive - National University of Singapore\Year 2 Sem 1 Y2S1\04 CS3241 Computer Graphics\Lab 3\main.cpp(1110,33): warning C4244: 'argument': conversion from 'double' to 'GLfloat', possible loss of data
C:\Users\chang\OneDrive - National University of Singapore\Year 2 Sem 1 Y2S1\04 CS3241 Computer Graphics\Lab 3\main.cpp(1117,33): warning C4244: 'argument': conversion from 'double' to 'GLfloat', possible loss of data
C:\Users\chang\OneDrive - National University of Singapore\Year 2 Sem 1 Y2S1\04 CS3241 Computer Graphics\Lab 3\main.cpp(1129,19): warning C4305: 'initializing': truncation from 'double' to 'GLfloat'
C:\Users\chang\OneDrive - National University of Singapore\Year 2 Sem 1 Y2S1\04 CS3241 Computer Graphics\Lab 3\main.cpp(1130,19): warning C4305: 'initializing': truncation from 'double' to 'GLfloat'
C:\Users\chang\OneDrive - National University of Singapore\Year 2 Sem 1 Y2S1\04 CS3241 Computer Graphics\Lab 3\main.cpp(1131,20): warning C4305: 'initializing': truncation from 'double' to 'GLfloat'
C:\Users\chang\OneDrive - National University of Singapore\Year 2 Sem 1 Y2S1\04 CS3241 Computer Graphics\Lab 3\main.cpp(1134,24): warning C4305: 'initializing': truncation from 'double' to 'GLfloat'
C:\Users\chang\OneDrive - National University of Singapore\Year 2 Sem 1 Y2S1\04 CS3241 Computer Graphics\Lab 3\main.cpp(1139,30): warning C4305: 'initializing': truncation from 'double' to 'GLfloat'
C:\Users\chang\OneDrive - National University of Singapore\Year 2 Sem 1 Y2S1\04 CS3241 Computer Graphics\Lab 3\main.cpp(1139,40): warning C4305: 'initializing': truncation from 'double' to 'GLfloat'
C:\Users\chang\OneDrive - National University of Singapore\Year 2 Sem 1 Y2S1\04 CS3241 Computer Graphics\Lab 3\main.cpp(1147,40): warning C4305: 'initializing': truncation from 'double' to 'GLfloat'
C:\Users\chang\OneDrive - National University of Singapore\Year 2 Sem 1 Y2S1\04 CS3241 Computer Graphics\Lab 3\main.cpp(1205,28): warning C4305: 'argument': truncation from 'double' to 'GLfloat'
C:\Users\chang\OneDrive - National University of Singapore\Year 2 Sem 1 Y2S1\04 CS3241 Computer Graphics\Lab 3\main.cpp(1220,23): warning C4305: 'initializing': truncation from 'double' to 'GLfloat'
C:\Users\chang\OneDrive - National University of Singapore\Year 2 Sem 1 Y2S1\04 CS3241 Computer Graphics\Lab 3\main.cpp(1222,28): warning C4305: 'argument': truncation from 'double' to 'GLfloat'
C:\Users\chang\OneDrive - National University of Singapore\Year 2 Sem 1 Y2S1\04 CS3241 Computer Graphics\Lab 3\main.cpp(1223,50): warning C4305: 'argument': truncation from 'double' to 'GLfloat'
C:\Users\chang\OneDrive - National University of Singapore\Year 2 Sem 1 Y2S1\04 CS3241 Computer Graphics\Lab 3\main.cpp(1223,44): warning C4244: 'argument': conversion from 'double' to 'GLfloat', possible loss of data
C:\Users\chang\OneDrive - National University of Singapore\Year 2 Sem 1 Y2S1\04 CS3241 Computer Graphics\Lab 3\main.cpp(1223,28): warning C4244: 'argument': conversion from 'double' to 'GLfloat', possible loss of data
C:\Users\chang\OneDrive - National University of Singapore\Year 2 Sem 1 Y2S1\04 CS3241 Computer Graphics\Lab 3\main.cpp(1243,35): warning C4305: 'initializing': truncation from 'double' to 'GLfloat'
C:\Users\chang\OneDrive - National University of Singapore\Year 2 Sem 1 Y2S1\04 CS3241 Computer Graphics\Lab 3\main.cpp(1244,35): warning C4305: 'initializing': truncation from 'double' to 'GLfloat'
C:\Users\chang\OneDrive - National University of Singapore\Year 2 Sem 1 Y2S1\04 CS3241 Computer Graphics\Lab 3\main.cpp(1255,19): warning C4305: 'initializing': truncation from 'double' to 'GLfloat'
C:\Users\chang\OneDrive - National University of Singapore\Year 2 Sem 1 Y2S1\04 CS3241 Computer Graphics\Lab 3\main.cpp(1263,31): warning C4244: 'initializing': conversion from 'double' to 'GLfloat', possible loss of data
C:\Users\chang\OneDrive - National University of Singapore\Year 2 Sem 1 Y2S1\04 CS3241 Computer Graphics\Lab 3\main.cpp(1264,30): warning C4244: 'initializing': conversion from 'double' to 'GLfloat', possible loss of data
C:\Users\chang\OneDrive - National University of Singapore\Year 2 Sem 1 Y2S1\04 CS3241 Computer Graphics\Lab 3\main.cpp(1266,28): warning C4244: 'initializing': conversion from 'double' to 'GLfloat', possible loss of data
C:\Users\chang\OneDrive - National University of Singapore\Year 2 Sem 1 Y2S1\04 CS3241 Computer Graphics\Lab 3\main.cpp(1267,30): warning C4244: 'initializing': conversion from 'double' to 'GLfloat', possible loss of data
C:\Users\chang\OneDrive - National University of Singapore\Year 2 Sem 1 Y2S1\04 CS3241 Computer Graphics\Lab 3\main.cpp(1365,30): warning C4305: 'initializing': truncation from 'double' to 'GLfloat'
C:\Users\chang\OneDrive - National University of Singapore\Year 2 Sem 1 Y2S1\04 CS3241 Computer Graphics\Lab 3\main.cpp(1365,35): warning C4305: 'initializing': truncation from 'double' to 'GLfloat'
C:\Users\chang\OneDrive - National University of Singapore\Year 2 Sem 1 Y2S1\04 CS3241 Computer Graphics\Lab 3\main.cpp(1365,40): warning C4305: 'initializing': truncation from 'double' to 'GLfloat'
C:\Users\chang\OneDrive - National University of Singapore\Year 2 Sem 1 Y2S1\04 CS3241 Computer Graphics\Lab 3\main.cpp(1366,30): warning C4305: 'initializing': truncation from 'double' to 'GLfloat'
C:\Users\chang\OneDrive - National University of Singapore\Year 2 Sem 1 Y2S1\04 CS3241 Computer Graphics\Lab 3\main.cpp(1366,35): warning C4305: 'initializing': truncation from 'double' to 'GLfloat'
C:\Users\chang\OneDrive - National University of Singapore\Year 2 Sem 1 Y2S1\04 CS3241 Computer Graphics\Lab 3\main.cpp(1366,40): warning C4305: 'initializing': truncation from 'double' to 'GLfloat'
C:\Users\chang\OneDrive - National University of Singapore\Year 2 Sem 1 Y2S1\04 CS3241 Computer Graphics\Lab 3\main.cpp(1370,21): warning C4305: 'initializing': truncation from 'double' to 'GLfloat'
C:\Users\chang\OneDrive - National University of Singapore\Year 2 Sem 1 Y2S1\04 CS3241 Computer Graphics\Lab 3\main.cpp(1372,19): warning C4305: 'initializing': truncation from 'double' to 'GLfloat'
C:\Users\chang\OneDrive - National University of Singapore\Year 2 Sem 1 Y2S1\04 CS3241 Computer Graphics\Lab 3\main.cpp(1378,31): warning C4305: 'argument': truncation from 'double' to 'GLfloat'
C:\Users\chang\OneDrive - National University of Singapore\Year 2 Sem 1 Y2S1\04 CS3241 Computer Graphics\Lab 3\main.cpp(1392,23): warning C4305: 'initializing': truncation from 'double' to 'GLfloat'
C:\Users\chang\OneDrive - National University of Singapore\Year 2 Sem 1 Y2S1\04 CS3241 Computer Graphics\Lab 3\main.cpp(1393,24): warning C4305: 'initializing': truncation from 'double' to 'GLfloat'
C:\Users\chang\OneDrive - National University of Singapore\Year 2 Sem 1 Y2S1\04 CS3241 Computer Graphics\Lab 3\main.cpp(1461,31): warning C4305: 'initializing': truncation from 'double' to 'GLfloat'
C:\Users\chang\OneDrive - National University of Singapore\Year 2 Sem 1 Y2S1\04 CS3241 Computer Graphics\Lab 3\main.cpp(1461,36): warning C4305: 'initializing': truncation from 'double' to 'GLfloat'
C:\Users\chang\OneDrive - National University of Singapore\Year 2 Sem 1 Y2S1\04 CS3241 Computer Graphics\Lab 3\main.cpp(1461,41): warning C4305: 'initializing': truncation from 'double' to 'GLfloat'
C:\Users\chang\OneDrive - National University of Singapore\Year 2 Sem 1 Y2S1\04 CS3241 Computer Graphics\Lab 3\main.cpp(1526,31): warning C4305: 'initializing': truncation from 'double' to 'GLfloat'
C:\Users\chang\OneDrive - National University of Singapore\Year 2 Sem 1 Y2S1\04 CS3241 Computer Graphics\Lab 3\main.cpp(1526,36): warning C4305: 'initializing': truncation from 'double' to 'GLfloat'
C:\Users\chang\OneDrive - National University of Singapore\Year 2 Sem 1 Y2S1\04 CS3241 Computer Graphics\Lab 3\main.cpp(1527,31): warning C4305: 'initializing': truncation from 'double' to 'GLfloat'
C:\Users\chang\OneDrive - National University of Singapore\Year 2 Sem 1 Y2S1\04 CS3241 Computer Graphics\Lab 3\main.cpp(1527,36): warning C4305: 'initializing': truncation from 'double' to 'GLfloat'
C:\Users\chang\OneDrive - National University of Singapore\Year 2 Sem 1 Y2S1\04 CS3241 Computer Graphics\Lab 3\main.cpp(1590,29): warning C4305: 'initializing': truncation from 'double' to 'GLfloat'
C:\Users\chang\OneDrive - National University of Singapore\Year 2 Sem 1 Y2S1\04 CS3241 Computer Graphics\Lab 3\main.cpp(1591,29): warning C4305: 'initializing': truncation from 'double' to 'GLfloat'
C:\Users\chang\OneDrive - National University of Singapore\Year 2 Sem 1 Y2S1\04 CS3241 Computer Graphics\Lab 3\main.cpp(1592,26): warning C4305: 'initializing': truncation from 'double' to 'GLfloat'
C:\Users\chang\OneDrive - National University of Singapore\Year 2 Sem 1 Y2S1\04 CS3241 Computer Graphics\Lab 3\main.cpp(1593,53): warning C4244: 'argument': conversion from 'double' to 'GLfloat', possible loss of data
C:\Users\chang\OneDrive - National University of Singapore\Year 2 Sem 1 Y2S1\04 CS3241 Computer Graphics\Lab 3\main.cpp(1597,53): warning C4244: 'argument': conversion from 'double' to 'GLfloat', possible loss of data
C:\Users\chang\OneDrive - National University of Singapore\Year 2 Sem 1 Y2S1\04 CS3241 Computer Graphics\Lab 3\main.cpp(1623,30): warning C4305: 'initializing': truncation from 'double' to 'GLfloat'
C:\Users\chang\OneDrive - National University of Singapore\Year 2 Sem 1 Y2S1\04 CS3241 Computer Graphics\Lab 3\main.cpp(1623,35): warning C4305: 'initializing': truncation from 'double' to 'GLfloat'
C:\Users\chang\OneDrive - National University of Singapore\Year 2 Sem 1 Y2S1\04 CS3241 Computer Graphics\Lab 3\main.cpp(1623,40): warning C4305: 'initializing': truncation from 'double' to 'GLfloat'
C:\Users\chang\OneDrive - National University of Singapore\Year 2 Sem 1 Y2S1\04 CS3241 Computer Graphics\Lab 3\main.cpp(1624,30): warning C4305: 'initializing': truncation from 'double' to 'GLfloat'
C:\Users\chang\OneDrive - National University of Singapore\Year 2 Sem 1 Y2S1\04 CS3241 Computer Graphics\Lab 3\main.cpp(1624,35): warning C4305: 'initializing': truncation from 'double' to 'GLfloat'
C:\Users\chang\OneDrive - National University of Singapore\Year 2 Sem 1 Y2S1\04 CS3241 Computer Graphics\Lab 3\main.cpp(1624,40): warning C4305: 'initializing': truncation from 'double' to 'GLfloat'
C:\Users\chang\OneDrive - National University of Singapore\Year 2 Sem 1 Y2S1\04 CS3241 Computer Graphics\Lab 3\main.cpp(1658,30): warning C4305: 'initializing': truncation from 'double' to 'GLfloat'
C:\Users\chang\OneDrive - National University of Singapore\Year 2 Sem 1 Y2S1\04 CS3241 Computer Graphics\Lab 3\main.cpp(1658,40): warning C4305: 'initializing': truncation from 'double' to 'GLfloat'
C:\Users\chang\OneDrive - National University of Singapore\Year 2 Sem 1 Y2S1\04 CS3241 Computer Graphics\Lab 3\main.cpp(1659,30): warning C4305: 'initializing': truncation from 'double' to 'GLfloat'
C:\Users\chang\OneDrive - National University of Singapore\Year 2 Sem 1 Y2S1\04 CS3241 Computer Graphics\Lab 3\main.cpp(1659,40): warning C4305: 'initializing': truncation from 'double' to 'GLfloat'
C:\Users\chang\OneDrive - National University of Singapore\Year 2 Sem 1 Y2S1\04 CS3241 Computer Graphics\Lab 3\main.cpp(1684,36): warning C4305: 'initializing': truncation from 'double' to 'GLfloat'
C:\Users\chang\OneDrive - National University of Singapore\Year 2 Sem 1 Y2S1\04 CS3241 Computer Graphics\Lab 3\main.cpp(1685,36): warning C4305: 'initializing': truncation from 'double' to 'GLfloat'
C:\Users\chang\OneDrive - National University of Singapore\Year 2 Sem 1 Y2S1\04 CS3241 Computer Graphics\Lab 3\main.cpp(1686,32): warning C4305: 'initializing': truncation from 'double' to 'GLfloat'
C:\Users\chang\OneDrive - National University of Singapore\Year 2 Sem 1 Y2S1\04 CS3241 Computer Graphics\Lab 3\main.cpp(1686,37): warning C4305: 'initializing': truncation from 'double' to 'GLfloat'
C:\Users\chang\OneDrive - National University of Singapore\Year 2 Sem 1 Y2S1\04 CS3241 Computer Graphics\Lab 3\main.cpp(1686,42): warning C4305: 'initializing': truncation from 'double' to 'GLfloat'
C:\Users\chang\OneDrive - National University of Singapore\Year 2 Sem 1 Y2S1\04 CS3241 Computer Graphics\Lab 3\main.cpp(1721,45): warning C4305: 'argument': truncation from 'double' to 'float'
C:\Users\chang\OneDrive - National University of Singapore\Year 2 Sem 1 Y2S1\04 CS3241 Computer Graphics\Lab 3\main.cpp(1720,45): warning C4305: 'argument': truncation from 'double' to 'float'
C:\Users\chang\OneDrive - National University of Singapore\Year 2 Sem 1 Y2S1\04 CS3241 Computer Graphics\Lab 3\main.cpp(1719,45): warning C4305: 'argument': truncation from 'double' to 'float'
C:\Users\chang\OneDrive - National University of Singapore\Year 2 Sem 1 Y2S1\04 CS3241 Computer Graphics\Lab 3\main.cpp(1718,45): warning C4305: 'argument': truncation from 'double' to 'float'
C:\Users\chang\OneDrive - National University of Singapore\Year 2 Sem 1 Y2S1\04 CS3241 Computer Graphics\Lab 3\main.cpp(1727,31): warning C4305: 'initializing': truncation from 'double' to 'GLfloat'
C:\Users\chang\OneDrive - National University of Singapore\Year 2 Sem 1 Y2S1\04 CS3241 Computer Graphics\Lab 3\main.cpp(1727,36): warning C4305: 'initializing': truncation from 'double' to 'GLfloat'
C:\Users\chang\OneDrive - National University of Singapore\Year 2 Sem 1 Y2S1\04 CS3241 Computer Graphics\Lab 3\main.cpp(1727,41): warning C4305: 'initializing': truncation from 'double' to 'GLfloat'
C:\Users\chang\OneDrive - National University of Singapore\Year 2 Sem 1 Y2S1\04 CS3241 Computer Graphics\Lab 3\main.cpp(1728,31): warning C4305: 'initializing': truncation from 'double' to 'GLfloat'
C:\Users\chang\OneDrive - National University of Singapore\Year 2 Sem 1 Y2S1\04 CS3241 Computer Graphics\Lab 3\main.cpp(1728,36): warning C4305: 'initializing': truncation from 'double' to 'GLfloat'
C:\Users\chang\OneDrive - National University of Singapore\Year 2 Sem 1 Y2S1\04 CS3241 Computer Graphics\Lab 3\main.cpp(1728,41): warning C4305: 'initializing': truncation from 'double' to 'GLfloat'
C:\Users\chang\OneDrive - National University of Singapore\Year 2 Sem 1 Y2S1\04 CS3241 Computer Graphics\Lab 3\main.cpp(1729,32): warning C4305: 'initializing': truncation from 'double' to 'GLfloat'
C:\Users\chang\OneDrive - National University of Singapore\Year 2 Sem 1 Y2S1\04 CS3241 Computer Graphics\Lab 3\main.cpp(1729,37): warning C4305: 'initializing': truncation from 'double' to 'GLfloat'
C:\Users\chang\OneDrive - National University of Singapore\Year 2 Sem 1 Y2S1\04 CS3241 Computer Graphics\Lab 3\main.cpp(1743,71): warning C4305: 'argument': truncation from 'double' to 'float'
C:\Users\chang\OneDrive - National University of Singapore\Year 2 Sem 1 Y2S1\04 CS3241 Computer Graphics\Lab 3\main.cpp(1742,71): warning C4305: 'argument': truncation from 'double' to 'float'
C:\Users\chang\OneDrive - National University of Singapore\Year 2 Sem 1 Y2S1\04 CS3241 Computer Graphics\Lab 3\main.cpp(1741,82): warning C4305: 'argument': truncation from 'double' to 'float'
C:\Users\chang\OneDrive - National University of Singapore\Year 2 Sem 1 Y2S1\04 CS3241 Computer Graphics\Lab 3\main.cpp(1740,82): warning C4305: 'argument': truncation from 'double' to 'float'
C:\Users\chang\OneDrive - National University of Singapore\Year 2 Sem 1 Y2S1\04 CS3241 Computer Graphics\Lab 3\main.cpp(1749,71): warning C4305: 'argument': truncation from 'double' to 'float'
C:\Users\chang\OneDrive - National University of Singapore\Year 2 Sem 1 Y2S1\04 CS3241 Computer Graphics\Lab 3\main.cpp(1748,71): warning C4305: 'argument': truncation from 'double' to 'float'
C:\Users\chang\OneDrive - National University of Singapore\Year 2 Sem 1 Y2S1\04 CS3241 Computer Graphics\Lab 3\main.cpp(1747,82): warning C4305: 'argument': truncation from 'double' to 'float'
C:\Users\chang\OneDrive - National University of Singapore\Year 2 Sem 1 Y2S1\04 CS3241 Computer Graphics\Lab 3\main.cpp(1746,82): warning C4305: 'argument': truncation from 'double' to 'float'
C:\Users\chang\OneDrive - National University of Singapore\Year 2 Sem 1 Y2S1\04 CS3241 Computer Graphics\Lab 3\main.cpp(1755,71): warning C4305: 'argument': truncation from 'double' to 'float'
C:\Users\chang\OneDrive - National University of Singapore\Year 2 Sem 1 Y2S1\04 CS3241 Computer Graphics\Lab 3\main.cpp(1754,71): warning C4305: 'argument': truncation from 'double' to 'float'
C:\Users\chang\OneDrive - National University of Singapore\Year 2 Sem 1 Y2S1\04 CS3241 Computer Graphics\Lab 3\main.cpp(1753,82): warning C4305: 'argument': truncation from 'double' to 'float'
C:\Users\chang\OneDrive - National University of Singapore\Year 2 Sem 1 Y2S1\04 CS3241 Computer Graphics\Lab 3\main.cpp(1752,82): warning C4305: 'argument': truncation from 'double' to 'float'
C:\Users\chang\OneDrive - National University of Singapore\Year 2 Sem 1 Y2S1\04 CS3241 Computer Graphics\Lab 3\main.cpp(1761,71): warning C4305: 'argument': truncation from 'double' to 'float'
C:\Users\chang\OneDrive - National University of Singapore\Year 2 Sem 1 Y2S1\04 CS3241 Computer Graphics\Lab 3\main.cpp(1760,71): warning C4305: 'argument': truncation from 'double' to 'float'
C:\Users\chang\OneDrive - National University of Singapore\Year 2 Sem 1 Y2S1\04 CS3241 Computer Graphics\Lab 3\main.cpp(1759,82): warning C4305: 'argument': truncation from 'double' to 'float'
C:\Users\chang\OneDrive - National University of Singapore\Year 2 Sem 1 Y2S1\04 CS3241 Computer Graphics\Lab 3\main.cpp(1758,82): warning C4305: 'argument': truncation from 'double' to 'float'
C:\Users\chang\OneDrive - National University of Singapore\Year 2 Sem 1 Y2S1\04 CS3241 Computer Graphics\Lab 3\main.cpp(1769,82): warning C4305: 'argument': truncation from 'double' to 'float'
C:\Users\chang\OneDrive - National University of Singapore\Year 2 Sem 1 Y2S1\04 CS3241 Computer Graphics\Lab 3\main.cpp(1768,82): warning C4305: 'argument': truncation from 'double' to 'float'
C:\Users\chang\OneDrive - National University of Singapore\Year 2 Sem 1 Y2S1\04 CS3241 Computer Graphics\Lab 3\main.cpp(1767,82): warning C4305: 'argument': truncation from 'double' to 'float'
C:\Users\chang\OneDrive - National University of Singapore\Year 2 Sem 1 Y2S1\04 CS3241 Computer Graphics\Lab 3\main.cpp(1766,82): warning C4305: 'argument': truncation from 'double' to 'float'
C:\Users\chang\OneDrive - National University of Singapore\Year 2 Sem 1 Y2S1\04 CS3241 Computer Graphics\Lab 3\main.cpp(1773,31): warning C4305: 'initializing': truncation from 'double' to 'GLfloat'
C:\Users\chang\OneDrive - National University of Singapore\Year 2 Sem 1 Y2S1\04 CS3241 Computer Graphics\Lab 3\main.cpp(1773,36): warning C4305: 'initializing': truncation from 'double' to 'GLfloat'
C:\Users\chang\OneDrive - National University of Singapore\Year 2 Sem 1 Y2S1\04 CS3241 Computer Graphics\Lab 3\main.cpp(1773,41): warning C4305: 'initializing': truncation from 'double' to 'GLfloat'
C:\Users\chang\OneDrive - National University of Singapore\Year 2 Sem 1 Y2S1\04 CS3241 Computer Graphics\Lab 3\main.cpp(1774,31): warning C4305: 'initializing': truncation from 'double' to 'GLfloat'
C:\Users\chang\OneDrive - National University of Singapore\Year 2 Sem 1 Y2S1\04 CS3241 Computer Graphics\Lab 3\main.cpp(1774,36): warning C4305: 'initializing': truncation from 'double' to 'GLfloat'
C:\Users\chang\OneDrive - National University of Singapore\Year 2 Sem 1 Y2S1\04 CS3241 Computer Graphics\Lab 3\main.cpp(1774,41): warning C4305: 'initializing': truncation from 'double' to 'GLfloat'
C:\Users\chang\OneDrive - National University of Singapore\Year 2 Sem 1 Y2S1\04 CS3241 Computer Graphics\Lab 3\main.cpp(1775,32): warning C4305: 'initializing': truncation from 'double' to 'GLfloat'
C:\Users\chang\OneDrive - National University of Singapore\Year 2 Sem 1 Y2S1\04 CS3241 Computer Graphics\Lab 3\main.cpp(1775,37): warning C4305: 'initializing': truncation from 'double' to 'GLfloat'
C:\Users\chang\OneDrive - National University of Singapore\Year 2 Sem 1 Y2S1\04 CS3241 Computer Graphics\Lab 3\main.cpp(1775,42): warning C4305: 'initializing': truncation from 'double' to 'GLfloat'
  main.vcxproj -> C:\Users\chang\OneDrive - National University of Singapore\Year 2 Sem 1 Y2S1\04 CS3241 Computer Graphics\Lab 3\Debug\main.exe
